Base path: C:/Program Files (x86)/Unity/Editor/Data
Pipe name: \\.\pipe\UnityShaderCompiler-1-2504
Cmd: getPlatforms
Cmd: preprocess
  insize=482 outsize=1230 ok=1
Cmd: compileSnippet
  api=1 type=0 insize=4281 outsize=595 kw=DIRECTIONAL SHADOWS_OFF LIGHTMAP_OFF DIRLIGHTMAP_OFF ok=1
Cmd: compileSnippet
  api=1 type=1 insize=4281 outsize=285 kw=DIRECTIONAL SHADOWS_OFF LIGHTMAP_OFF DIRLIGHTMAP_OFF ok=1
Cmd: compileSnippet
  api=1 type=0 insize=2257 outsize=383 kw=POINT ok=1
Cmd: compileSnippet
  api=1 type=1 insize=2257 outsize=418 kw=POINT ok=1
Cmd: compileSnippet
  api=1 type=0 insize=1785 outsize=190 kw= ok=1
Cmd: compileSnippet
  api=1 type=1 insize=1785 outsize=118 kw= ok=1
Cmd: compileSnippet
  api=1 type=0 insize=3998 outsize=639 kw=LIGHTMAP_OFF DIRLIGHTMAP_OFF HDR_LIGHT_PREPASS_OFF ok=1
Cmd: compileSnippet
  api=1 type=1 insize=3998 outsize=235 kw=LIGHTMAP_OFF DIRLIGHTMAP_OFF HDR_LIGHT_PREPASS_OFF ok=1
Cmd: preprocess
  insize=538 outsize=1286 ok=1
Cmd: compileSnippet
  api=1 type=0 insize=4282 outsize=595 kw=DIRECTIONAL SHADOWS_OFF LIGHTMAP_OFF DIRLIGHTMAP_OFF ok=1
Cmd: compileSnippet
  api=1 type=1 insize=4282 outsize=285 kw=DIRECTIONAL SHADOWS_OFF LIGHTMAP_OFF DIRLIGHTMAP_OFF ok=1
Cmd: compileSnippet
  api=1 type=0 insize=2258 outsize=383 kw=POINT ok=1
Cmd: compileSnippet
  api=1 type=1 insize=2258 outsize=418 kw=POINT ok=1
Cmd: compileSnippet
  api=1 type=0 insize=1786 outsize=190 kw= ok=1
Cmd: compileSnippet
  api=1 type=1 insize=1786 outsize=118 kw= ok=1
Cmd: compileSnippet
  api=1 type=0 insize=3999 outsize=639 kw=LIGHTMAP_OFF DIRLIGHTMAP_OFF HDR_LIGHT_PREPASS_OFF ok=1
Cmd: compileSnippet
  api=1 type=1 insize=3999 outsize=235 kw=LIGHTMAP_OFF DIRLIGHTMAP_OFF HDR_LIGHT_PREPASS_OFF ok=1
Cmd: preprocess
  insize=442 outsize=1223 ok=1
Cmd: compileSnippet
  api=1 type=0 insize=4086 outsize=548 kw=DIRECTIONAL SHADOWS_OFF LIGHTMAP_OFF DIRLIGHTMAP_OFF ok=1
Cmd: compileSnippet
  api=1 type=1 insize=4086 outsize=251 kw=DIRECTIONAL SHADOWS_OFF LIGHTMAP_OFF DIRLIGHTMAP_OFF ok=1
Cmd: compileSnippet
  api=1 type=0 insize=2090 outsize=336 kw=POINT ok=1
Cmd: compileSnippet
  api=1 type=1 insize=2090 outsize=380 kw=POINT ok=1
Cmd: compileSnippet
  api=1 type=0 insize=1753 outsize=190 kw= ok=1
Cmd: compileSnippet
  api=1 type=1 insize=1753 outsize=118 kw= ok=1
Cmd: compileSnippet
  api=1 type=0 insize=3831 outsize=592 kw=LIGHTMAP_OFF DIRLIGHTMAP_OFF HDR_LIGHT_PREPASS_OFF ok=1
Cmd: compileSnippet
  api=1 type=1 insize=3831 outsize=183 kw=LIGHTMAP_OFF DIRLIGHTMAP_OFF HDR_LIGHT_PREPASS_OFF ok=1
Cmd: preprocess
  insize=442 outsize=1223 ok=1
Cmd: preprocess
  insize=510 outsize=946 ok=1
Cmd: compileSnippet
  api=1 type=0 insize=4136 outsize=548 kw=DIRECTIONAL LIGHTMAP_OFF DIRLIGHTMAP_OFF ok=1
Cmd: compileSnippet
  api=1 type=1 insize=4136 outsize=251 kw=DIRECTIONAL LIGHTMAP_OFF DIRLIGHTMAP_OFF ok=1
Cmd: compileSnippet
  api=1 type=0 insize=2122 outsize=336 kw=POINT ok=1
Cmd: compileSnippet
  api=1 type=1 insize=2122 outsize=378 kw=POINT ok=1
Cmd: compileSnippet
  api=1 type=0 insize=2090 outsize=206 kw=DIRECTIONAL ok=1
Cmd: compileSnippet
  api=1 type=1 insize=2090 outsize=245 kw=DIRECTIONAL ok=1
Cmd: compileSnippet
  api=1 type=0 insize=2258 outsize=253 kw=DIRECTIONAL ok=1
Cmd: compileSnippet
  api=1 type=1 insize=2258 outsize=283 kw=DIRECTIONAL ok=1
Cmd: compileSnippet
  api=1 type=0 insize=2257 outsize=253 kw=DIRECTIONAL ok=1
Cmd: compileSnippet
  api=1 type=1 insize=2257 outsize=283 kw=DIRECTIONAL ok=1
Cmd: compileSnippet
  api=1 type=0 insize=2122 outsize=206 kw=DIRECTIONAL ok=1
Cmd: compileSnippet
  api=1 type=1 insize=2122 outsize=243 kw=DIRECTIONAL ok=1
